[2025-07-03T09:14:59.346Z] info: ℹ️ База данных thesandworms уже существует
[2025-07-03T09:14:59.526Z] info: ✅ Подключение к базе под пользователем прошло успешно
[2025-07-03T09:15:05.422Z] info: ℹ️ База данных thesandworms уже существует
[2025-07-03T09:15:05.605Z] info: ✅ Подключение к базе под пользователем прошло успешно
[2025-07-03T09:15:31.965Z] info: ℹ️ База данных thesandworms уже существует
[2025-07-03T09:15:32.147Z] info: ✅ Подключение к базе под пользователем прошло успешно
[2025-07-10T15:02:18.293Z] info: ℹ️ База данных postgres уже существует
[2025-07-10T15:02:18.462Z] info: ✅ Подключение к базе под пользователем прошло успешно
[2025-07-10T15:02:54.829Z] error: Ошибка при сохранении пользователя в БД: notNull Violation: User.avatar cannot be null
[2025-07-10T15:03:00.632Z] error: Ошибка при создании топика: INSERT или UPDATE в таблице "topics" нарушает ограничение внешнего ключа "topics_userId_fkey"
[2025-07-10T15:03:00.633Z] error: Ошибка при создании топика: INSERT или UPDATE в таблице "topics" нарушает ограничение внешнего ключа "topics_userId_fkey"
[2025-07-10T15:04:18.316Z] info: ℹ️ База данных postgres уже существует
[2025-07-10T15:04:18.387Z] info: ✅ Подключение к базе под пользователем прошло успешно
[2025-07-10T15:06:53.181Z] info: ℹ️ База данных postgres уже существует
[2025-07-10T15:06:53.251Z] info: ✅ Подключение к базе под пользователем прошло успешно
[2025-07-10T15:09:26.342Z] error: Ошибка при сохранении пользователя в БД: notNull Violation: User.avatar cannot be null,
notNull Violation: User.display_name cannot be null
[2025-07-10T15:10:26.399Z] error: Ошибка при создании топика: INSERT или UPDATE в таблице "topics" нарушает ограничение внешнего ключа "topics_userId_fkey"
[2025-07-10T15:10:26.399Z] error: Ошибка при создании топика: INSERT или UPDATE в таблице "topics" нарушает ограничение внешнего ключа "topics_userId_fkey"
[2025-07-10T15:10:58.040Z] error: Ошибка при создании топика: INSERT или UPDATE в таблице "topics" нарушает ограничение внешнего ключа "topics_userId_fkey"
[2025-07-10T15:10:58.040Z] error: Ошибка при создании топика: INSERT или UPDATE в таблице "topics" нарушает ограничение внешнего ключа "topics_userId_fkey"
[2025-07-10T15:11:22.832Z] error: Ошибка при создании топика: INSERT или UPDATE в таблице "topics" нарушает ограничение внешнего ключа "topics_userId_fkey"
[2025-07-10T15:11:22.832Z] error: Ошибка при создании топика: INSERT или UPDATE в таблице "topics" нарушает ограничение внешнего ключа "topics_userId_fkey"
[2025-07-10T15:15:54.426Z] error: Ошибка при сохранении пользователя в БД: notNull Violation: User.avatar cannot be null,
notNull Violation: User.display_name cannot be null
[2025-07-10T15:16:23.825Z] error: Ошибка при создании топика: INSERT или UPDATE в таблице "topics" нарушает ограничение внешнего ключа "topics_userId_fkey"
[2025-07-10T15:16:23.825Z] error: Ошибка при создании топика: INSERT или UPDATE в таблице "topics" нарушает ограничение внешнего ключа "topics_userId_fkey"
[2025-07-10T15:17:18.709Z] error: Ошибка при создании топика: INSERT или UPDATE в таблице "topics" нарушает ограничение внешнего ключа "topics_userId_fkey"
[2025-07-10T15:17:18.709Z] error: Ошибка при создании топика: INSERT или UPDATE в таблице "topics" нарушает ограничение внешнего ключа "topics_userId_fkey"
[2025-07-10T15:22:19.300Z] error: Ошибка при сохранении пользователя в БД: notNull Violation: User.display_name cannot be null
[2025-07-10T15:22:25.589Z] error: Ошибка при создании топика: INSERT или UPDATE в таблице "topics" нарушает ограничение внешнего ключа "topics_userId_fkey"
[2025-07-10T15:22:25.589Z] error: Ошибка при создании топика: INSERT или UPDATE в таблице "topics" нарушает ограничение внешнего ключа "topics_userId_fkey"
[2025-07-10T15:25:42.476Z] info: ℹ️ База данных postgres уже существует
[2025-07-10T15:25:42.551Z] info: ✅ Подключение к базе под пользователем прошло успешно
[2025-07-10T15:25:59.819Z] error: Ошибка при сохранении пользователя в БД: notNull Violation: User.display_name cannot be null
[2025-07-10T15:25:59.854Z] error: ❌ Ошибка при получении топика по ID: неверный синтаксис для типа uuid: "t1"
[2025-07-10T15:27:56.955Z] info: ℹ️ База данных postgres уже существует
[2025-07-10T15:27:57.026Z] info: ✅ Подключение к базе под пользователем прошло успешно
[2025-07-10T15:30:50.937Z] error: Ошибка при сохранении пользователя в БД: notNull Violation: User.display_name cannot be null
[2025-07-10T15:32:28.103Z] error: Ошибка при сохранении пользователя в БД: notNull Violation: User.display_name cannot be null
[2025-07-10T15:33:16.786Z] error: Ошибка при сохранении пользователя в БД: notNull Violation: User.display_name cannot be null
[2025-07-10T15:33:51.957Z] error: Ошибка при сохранении пользователя в БД: notNull Violation: User.display_name cannot be null
[2025-07-10T15:34:07.728Z] info: 👤 Пользователь 4365 сохранён
[2025-07-10T15:35:49.159Z] info: 👤 Пользователь 4365 сохранён
[2025-07-10T15:37:28.360Z] error: Ошибка при сохранении пользователя в БД: notNull Violation: User.avatar cannot be null,
notNull Violation: User.display_name cannot be null
[2025-07-10T15:38:49.889Z] error: Ошибка при сохранении пользователя в БД: notNull Violation: User.avatar cannot be null,
notNull Violation: User.display_name cannot be null
[2025-07-10T15:39:52.688Z] error: Ошибка при создании топика: INSERT или UPDATE в таблице "topics" нарушает ограничение внешнего ключа "topics_userId_fkey"
[2025-07-10T15:39:52.688Z] error: Ошибка при создании топика: INSERT или UPDATE в таблице "topics" нарушает ограничение внешнего ключа "topics_userId_fkey"
[2025-07-10T15:41:39.814Z] info: 👤 Пользователь 4366 сохранён
[2025-07-10T15:47:09.511Z] info: ℹ️ База данных postgres уже существует
[2025-07-10T15:47:09.578Z] info: ✅ Подключение к базе под пользователем прошло успешно
[2025-07-10T15:48:51.665Z] info: ℹ️ База данных postgres уже существует
[2025-07-10T15:48:51.736Z] info: ✅ Подключение к базе под пользователем прошло успешно
[2025-07-10T16:01:46.587Z] info: ℹ️ База данных postgres уже существует
[2025-07-10T16:01:46.665Z] info: ✅ Подключение к базе под пользователем прошло успешно
[2025-07-10T16:05:38.130Z] info: ℹ️ База данных postgres уже существует
[2025-07-10T16:05:38.308Z] info: ✅ Подключение к базе под пользователем прошло успешно
[2025-07-10T16:06:31.165Z] info: ℹ️ База данных postgres уже существует
[2025-07-10T16:06:31.233Z] info: ✅ Подключение к базе под пользователем прошло успешно
[2025-07-10T16:08:01.821Z] info: ℹ️ База данных postgres уже существует
[2025-07-10T16:08:01.891Z] info: ✅ Подключение к базе под пользователем прошло успешно
[2025-07-10T16:08:19.253Z] info: ℹ️ База данных postgres уже существует
[2025-07-10T16:08:19.457Z] info: ✅ Подключение к базе под пользователем прошло успешно
[2025-07-10T16:09:22.424Z] info: ℹ️ База данных postgres уже существует
[2025-07-10T16:09:22.493Z] info: ✅ Подключение к базе под пользователем прошло успешно
[2025-07-10T16:10:25.679Z] info: ℹ️ База данных postgres уже существует
[2025-07-10T16:10:25.860Z] info: ✅ Подключение к базе под пользователем прошло успешно
[2025-07-10T16:13:34.097Z] info: 👤 Пользователь 4366 сохранён
[2025-07-10T16:19:08.602Z] info: 👤 Пользователь 4366 сохранён
[2025-07-10T16:23:56.580Z] info: 👤 Пользователь 4366 сохранён
[2025-07-10T16:26:04.708Z] info: ℹ️ База данных postgres уже существует
[2025-07-10T16:26:04.773Z] info: ✅ Подключение к базе под пользователем прошло успешно
[2025-07-10T16:27:01.913Z] info: 👤 Пользователь 4366 сохранён
[2025-07-10T16:27:04.302Z] error: Ошибка при создании emoji: INSERT или UPDATE в таблице "emojis" нарушает ограничение внешнего ключа "emojis_userId_fkey"
[2025-07-10T16:59:24.371Z] info: 👤 Пользователь 4366 сохранён
[2025-07-10T17:00:54.379Z] info: ℹ️ База данных postgres уже существует
[2025-07-10T17:00:54.552Z] info: ✅ Подключение к базе под пользователем прошло успешно
[2025-07-10T17:02:51.131Z] info: ℹ️ База данных postgres уже существует
[2025-07-10T17:02:51.322Z] info: ✅ Подключение к базе под пользователем прошло успешно
[2025-07-10T17:03:23.408Z] info: ℹ️ База данных postgres уже существует
[2025-07-10T17:03:23.480Z] info: ✅ Подключение к базе под пользователем прошло успешно
[2025-07-10T17:06:55.725Z] info: ℹ️ База данных postgres уже существует
[2025-07-10T17:06:55.796Z] info: ✅ Подключение к базе под пользователем прошло успешно
[2025-07-10T17:07:12.975Z] info: ℹ️ База данных postgres уже существует
[2025-07-10T17:07:13.050Z] info: ✅ Подключение к базе под пользователем прошло успешно
[2025-07-10T17:08:10.713Z] info: ℹ️ База данных postgres уже существует
[2025-07-10T17:08:10.782Z] info: ✅ Подключение к базе под пользователем прошло успешно
